*** Starting uWSGI 2.0.15 (64bit) on [Thu Jun 22 00:28:41 2017] ***
compiled with version: 5.4.0 20160609 on 20 June 2017 21:57:01
os: Linux-4.4.0-63-generic #84-Ubuntu SMP Wed Feb 1 17:20:32 UTC 2017
nodename: iZuf6ae9zoitqtjvgoeu75Z
machine: x86_64
clock source: unix
pcre jit disabled
detected number of CPU cores: 1
current working directory: /home/blog
detected binary path: /usr/local/bin/uwsgi
uWSGI running as root, you can use --uid/--gid/--chroot options
*** WARNING: you are running uWSGI as root !!! (use the --uid flag) *** 
chdir() to /home/blog
*** WARNING: you are running uWSGI without its master process manager ***
your processes number limit is 7859
your memory page size is 4096 bytes
detected max file descriptor number: 65535
lock engine: pthread robust mutexes
thunder lock: disabled (you can enable it with --thunder-lock)
uwsgi socket 0 bound to TCP address :8001 fd 3
Python version: 2.7.12 (default, Nov 19 2016, 06:48:10)  [GCC 5.4.0 20160609]
*** Python threads support is disabled. You can enable it with --enable-threads ***
Python main interpreter initialized at 0x17e3bf0
your server socket listen backlog is limited to 100 connections
your mercy for graceful operations on workers is 60 seconds
mapped 291040 bytes (284 KB) for 4 cores
*** Operational MODE: preforking ***
ImportError: No module named django_wsgi
unable to load app 0 (mountpoint='') (callable not found or import error)
*** no app loaded. going in full dynamic mode ***
*** uWSGI is running in multiple interpreter mode ***
spawned uWSGI worker 1 (pid: 20184, cores: 1)
spawned uWSGI worker 2 (pid: 20185, cores: 1)
spawned uWSGI worker 3 (pid: 20186, cores: 1)
spawned uWSGI worker 4 (pid: 20187, cores: 1)
--- no python application found, check your startup logs for errors ---
[pid: 20185|app: -1|req: -1/1] 115.200.38.46 () {44 vars in 850 bytes} [Thu Jun 22 00:31:26 2017] GET / => generated 21 bytes in 0 msecs (HTTP/1.1 500) 2 headers in 83 bytes (0 switches on core 0)
